[35m[1mConsolidate compiler generated dependencies of target move_program[0m
[ 50%] [32mBuilding CXX object CMakeFiles/move_program.dir/src/move_program.cpp.o[0m
[01m[K/home/luis-a/panda_ws/src/move_program/src/move_program.cpp:[m[K In constructor â€˜[01m[KSawyerRobot::SawyerRobot()[m[Kâ€™:
[01m[K/home/luis-a/panda_ws/src/move_program/src/move_program.cpp:29:73:[m[K [01;31m[Kerror: [m[Kâ€˜[01m[Knode[m[Kâ€™ was not declared in this scope; did you mean â€˜[01m[KNode[m[Kâ€™?
   29 | anning_interface::MoveGroupInterface MoveGroupInterface([01;31m[Knode[m[K, "panda_arm");
      |                                                         [01;31m[K^~~~[m[K
      |                                                         [32m[KNode[m[K
gmake[2]: *** [CMakeFiles/move_program.dir/build.make:76: CMakeFiles/move_program.dir/src/move_program.cpp.o] Error 1
gmake[1]: *** [CMakeFiles/Makefile2:137: CMakeFiles/move_program.dir/all] Error 2
gmake: *** [Makefile:146: all] Error 2
