In file included from [01m[K/opt/ros/humble/include/rclcpp/rclcpp/client.hpp:40[m[K,
                 from [01m[K/opt/ros/humble/include/rclcpp/rclcpp/callback_group.hpp:24[m[K,
                 from [01m[K/opt/ros/humble/include/rclcpp/rclcpp/any_executable.hpp:20[m[K,
                 from [01m[K/opt/ros/humble/include/rclcpp/rclcpp/memory_strategy.hpp:25[m[K,
                 from [01m[K/opt/ros/humble/include/rclcpp/rclcpp/memory_strategies.hpp:18[m[K,
                 from [01m[K/opt/ros/humble/include/rclcpp/rclcpp/executor_options.hpp:20[m[K,
                 from [01m[K/opt/ros/humble/include/rclcpp/rclcpp/executor.hpp:37[m[K,
                 from [01m[K/opt/ros/humble/include/rclcpp/rclcpp/executors/multi_threaded_executor.hpp:25[m[K,
                 from [01m[K/opt/ros/humble/include/rclcpp/rclcpp/executors.hpp:21[m[K,
                 from [01m[K/opt/ros/humble/include/rclcpp/rclcpp/rclcpp.hpp:155[m[K,
                 from [01m[K/home/luis-a/panda_ws/src/move_program/src/move_program.cpp:109[m[K:
[01m[K/home/luis-a/panda_ws/src/move_program/src/move_program.cpp:[m[K In function â€˜[01m[Kint main(int, char**)[m[Kâ€™:
[01m[K/home/luis-a/panda_ws/src/move_program/src/move_program.cpp:189:18:[m[K [01;31m[Kerror: [m[Kâ€˜[01m[Klogger[m[Kâ€™ was not declared in this scope
  189 |     RCLCPP_ERROR([01;31m[Klogger[m[K, "We were not able to plan and execute!");
      |                  [01;31m[K^~~~~~[m[K
[01m[K/home/luis-a/panda_ws/src/move_program/src/move_program.cpp:189:5:[m[K [01;31m[Kerror: [m[Ktemplate argument 1 is invalid
  189 |     [01;31m[KRCLCPP_ERROR[m[K(logger, "We were not able to plan and execute!");
      |     [01;31m[K^~~~~~~~~~~~[m[K
[01m[K/home/luis-a/panda_ws/src/move_program/src/move_program.cpp:189:5:[m[K [01;31m[Kerror: [m[Ktemplate argument 1 is invalid
  189 |     [01;31m[KRCLCPP_ERROR[m[K(logger, "We were not able to plan and execute!");
      |     [01;31m[K^~~~~~~~~~~~[m[K
[01m[K/home/luis-a/panda_ws/src/move_program/src/move_program.cpp:189:5:[m[K [01;31m[Kerror: [m[Ktemplate argument 1 is invalid
  189 |     [01;31m[KRCLCPP_ERROR[m[K(logger, "We were not able to plan and execute!");
      |     [01;31m[K^~~~~~~~~~~~[m[K
gmake[2]: *** [CMakeFiles/move_program.dir/build.make:76: CMakeFiles/move_program.dir/src/move_program.cpp.o] Error 1
gmake[1]: *** [CMakeFiles/Makefile2:137: CMakeFiles/move_program.dir/all] Error 2
gmake: *** [Makefile:146: all] Error 2
