[35m[1mConsolidate compiler generated dependencies of target move_program[0m
[ 50%] [32mBuilding CXX object CMakeFiles/move_program.dir/src/move_program.cpp.o[0m
[01m[K/home/luis-a/panda_ws/src/move_program/src/move_program.cpp:[m[K In lambda function:
[01m[K/home/luis-a/panda_ws/src/move_program/src/move_program.cpp:91:9:[m[K [01;31m[Kerror: [m[Kâ€˜[01m[KpublishPlannedPath[m[Kâ€™ was not declared in this scope
   91 |         [01;31m[KpublishPlannedPath[m[K(sawyer_pub, plan.trajectory_.joint_trajectory, node, logger);
      |         [01;31m[K^~~~~~~~~~~~~~~~~~[m[K
gmake[2]: *** [CMakeFiles/move_program.dir/build.make:76: CMakeFiles/move_program.dir/src/move_program.cpp.o] Error 1
gmake[1]: *** [CMakeFiles/Makefile2:137: CMakeFiles/move_program.dir/all] Error 2
gmake: *** [Makefile:146: all] Error 2
