[ 50%] [32mBuilding CXX object CMakeFiles/move_program.dir/src/move_program.cpp.o[0m
[01m[K/home/luis-a/panda_ws/src/move_program/src/move_program.cpp:[m[K In function â€˜[01m[Kint main(int, char**)[m[Kâ€™:
[01m[K/home/luis-a/panda_ws/src/move_program/src/move_program.cpp:37:47:[m[K [01;31m[Kerror: [m[Kâ€˜[01m[KmoveGroupInterface[m[Kâ€™ was not declared in this scope; did you mean â€˜[01m[KMoveGroupInterface[m[Kâ€™?
   37 |   const std::vector<std::string> jointNames = [01;31m[KmoveGroupInterface[m[K.getJointNames();
      |                                               [01;31m[K^~~~~~~~~~~~~~~~~~[m[K
      |                                               [32m[KMoveGroupInterface[m[K
gmake[2]: *** [CMakeFiles/move_program.dir/build.make:76: CMakeFiles/move_program.dir/src/move_program.cpp.o] Error 1
gmake[1]: *** [CMakeFiles/Makefile2:137: CMakeFiles/move_program.dir/all] Error 2
gmake: *** [Makefile:146: all] Error 2
